#
# There is insufficient memory for the Java Runtime Environment to continue.
# Native memory allocation (malloc) failed to allocate 2817040 bytes for Chunk::new
# Possible reasons:
#   The system is out of physical RAM or swap space
#   In 32 bit mode, the process size limit was hit
# Possible solutions:
#   Reduce memory load on the system
#   Increase physical memory or swap space
#   Check if swap backing store is full
#   Use 64 bit Java on a 64 bit OS
#   Decrease Java heap size (-Xmx/-Xms)
#   Decrease number of Java threads
#   Decrease Java thread stack sizes (-Xss)
#   Set larger code cache with -XX:ReservedCodeCacheSize=
# This output file may be truncated or incomplete.
#
#  Out of Memory Error (allocation.cpp:390), pid=12088, tid=0x0000000000003010
#
# JRE version: Java(TM) SE Runtime Environment (8.0_144-b01) (build 1.8.0_144-b01)
# Java VM: Java HotSpot(TM) 64-Bit Server VM (25.144-b01 mixed mode windows-amd64 compressed oops)
# Failed to write core dump. Minidumps are not enabled by default on client versions of Windows
#

---------------  T H R E A D  ---------------

Current thread (0x000000001cb60000):  JavaThread "C2 CompilerThread0" daemon [_thread_in_native, id=12304, stack(0x000000001e840000,0x000000001e940000)]

Stack: [0x000000001e840000,0x000000001e940000]
[error occurred during error reporting (printing stack bounds), id 0xc0000005]

Native frames: (J=compiled Java code, j=interpreted, Vv=VM code, C=native code)


Current CompileTask:
C2:  17024 4694       4       soot.jimple.toolkits.base.Aggregator::internalAggregate (906 bytes)


---------------  P R O C E S S  ---------------

Java Threads: ( => current thread )
  0x000000001dfee800 JavaThread "Service Thread" daemon [_thread_blocked, id=8188, stack(0x000000001eb40000,0x000000001ec40000)]
  0x000000001cb69800 JavaThread "C1 CompilerThread2" daemon [_thread_blocked, id=1392, stack(0x000000001ea40000,0x000000001eb40000)]
  0x000000001cb66800 JavaThread "C2 CompilerThread1" daemon [_thread_in_native, id=5000, stack(0x000000001e940000,0x000000001ea40000)]
=>0x000000001cb60000 JavaThread "C2 CompilerThread0" daemon [_thread_in_native, id=12304, stack(0x000000001e840000,0x000000001e940000)]
  0x000000001cb5e800 JavaThread "JDWP Command Reader" daemon [_thread_in_native, id=14256, stack(0x000000001e740000,0x000000001e840000)]
  0x000000001cb51800 JavaThread "JDWP Event Helper Thread" daemon [_thread_blocked, id=7272, stack(0x000000001e640000,0x000000001e740000)]
  0x000000001cb44800 JavaThread "JDWP Transport Listener: dt_socket" daemon [_thread_blocked, id=1356, stack(0x000000001e540000,0x000000001e640000)]
  0x000000001df83000 JavaThread "Attach Listener" daemon [_thread_blocked, id=4424, stack(0x000000001e440000,0x000000001e540000)]
  0x000000001df82800 JavaThread "Signal Dispatcher" daemon [_thread_blocked, id=8104, stack(0x000000001e340000,0x000000001e440000)]
  0x000000000352a000 JavaThread "Finalizer" daemon [_thread_blocked, id=12228, stack(0x000000001dda0000,0x000000001dea0000)]
  0x0000000003524800 JavaThread "Reference Handler" daemon [_thread_blocked, id=2280, stack(0x000000001dca0000,0x000000001dda0000)]
  0x0000000003433800 JavaThread "main" [_thread_in_Java, id=2848, stack(0x00000000017c0000,0x00000000018c0000)]

Other Threads:
  0x000000001cae7800 VMThread [stack: 0x000000001dba0000,0x000000001dca0000] [id=7008]
  0x000000001e037800 WatcherThread [stack: 0x000000001ec40000,0x000000001ed40000] [id=7176]

VM state:not at safepoint (normal execution)

VM Mutex/Monitor currently owned by a thread: None

Heap:
 PSYoungGen      total 300032K, used 180875K [0x000000076b300000, 0x0000000780180000, 0x00000007c0000000)
  eden space 258560K, 61% used [0x000000076b300000,0x0000000774f8ad98,0x000000077af80000)
  from space 41472K, 49% used [0x000000077af80000,0x000000077c398000,0x000000077d800000)
  to   space 42496K, 0% used [0x000000077d800000,0x000000077d800000,0x0000000780180000)
 ParOldGen       total 263680K, used 217900K [0x00000006c1800000, 0x00000006d1980000, 0x000000076b300000)
  object space 263680K, 82% used [0x00000006c1800000,0x00000006ceccb260,0x00000006d1980000)
 Metaspace       used 15267K, capacity 15408K, committed 15616K, reserved 1062912K
  class space    used 1675K, capacity 1684K, committed 1792K, reserved 1048576K

Card table byte_map: [0x00000000128f0000,0x00000000130f0000] byte_map_base: 0x000000000f2e4000

Marking Bits: (ParMarkBitMap*) 0x000000006d84d850
 Begin Bits: [0x0000000013a40000, 0x00000000179e0000)
 End Bits:   [0x00000000179e0000, 0x000000001b980000)

Polling page: 0x00000000013b0000

CodeCache: size=245760Kb used=20404Kb max_used=20444Kb free=225355Kb
 bounds [0x0000000003530000, 0x0000000004a40000, 0x0000000012530000]
 total_blobs=3746 nmethods=3439 adapters=227
 compilation: enabled

Compilation events (10 events):
Event: 16.927 Thread 0x000000001cb69800 4715       2       org.jf.dexlib2.dexbacked.instruction.DexBackedInstruction31t::getRegisterA (14 bytes)
Event: 16.927 Thread 0x000000001cb69800 nmethod 4715 0x00000000046cc010 code [0x00000000046cc160, 0x00000000046cc2f0]
Event: 16.927 Thread 0x000000001cb69800 4716       2       org.jf.dexlib2.dexbacked.instruction.DexBackedInstruction31t::getCodeOffset (14 bytes)
Event: 16.928 Thread 0x000000001cb69800 nmethod 4716 0x00000000046cbc50 code [0x00000000046cbdc0, 0x00000000046cbf48]
Event: 16.957 Thread 0x000000001cb69800 4719       2       org.jf.util.AlignmentUtils::alignOffset (36 bytes)
Event: 16.957 Thread 0x000000001cb69800 nmethod 4719 0x0000000004036050 code [0x00000000040361a0, 0x00000000040362d0]
Event: 16.971 Thread 0x000000001cb66800 nmethod 4691 0x0000000004311190 code [0x00000000043118a0, 0x00000000043198f0]
Event: 16.971 Thread 0x000000001cb66800 4707       4       soot.jimple.toolkits.typing.fast.TypeResolver::inferTypes (275 bytes)
Event: 16.991 Thread 0x000000001cb69800 4720       2       soot.jimple.toolkits.typing.fast.UseChecker::caseEnterMonitorStmt (29 bytes)
Event: 16.991 Thread 0x000000001cb69800 nmethod 4720 0x0000000004035190 code [0x0000000004035380, 0x00000000040358f8]

GC Heap History (10 events):
Event: 14.652 GC heap before
{Heap before GC invocations=23 (full 4):
 PSYoungGen      total 272896K, used 266208K [0x000000076b300000, 0x000000077c800000, 0x00000007c0000000)
  eden space 262144K, 100% used [0x000000076b300000,0x000000077b300000,0x000000077b300000)
  from space 10752K, 37% used [0x000000077bd80000,0x000000077c178000,0x000000077c800000)
  to   space 10752K, 0% used [0x000000077b300000,0x000000077b300000,0x000000077bd80000)
 ParOldGen       total 263680K, used 211440K [0x00000006c1800000, 0x00000006d1980000, 0x000000076b300000)
  object space 263680K, 80% used [0x00000006c1800000,0x00000006ce67c240,0x00000006d1980000)
 Metaspace       used 15178K, capacity 15344K, committed 15616K, reserved 1062912K
  class space    used 1672K, capacity 1684K, committed 1792K, reserved 1048576K
Event: 14.665 GC heap after
Heap after GC invocations=23 (full 4):
 PSYoungGen      total 272896K, used 8544K [0x000000076b300000, 0x000000077c800000, 0x00000007c0000000)
  eden space 262144K, 0% used [0x000000076b300000,0x000000076b300000,0x000000077b300000)
  from space 10752K, 79% used [0x000000077b300000,0x000000077bb58000,0x000000077bd80000)
  to   space 10752K, 0% used [0x000000077bd80000,0x000000077bd80000,0x000000077c800000)
 ParOldGen       total 263680K, used 211440K [0x00000006c1800000, 0x00000006d1980000, 0x000000076b300000)
  object space 263680K, 80% used [0x00000006c1800000,0x00000006ce67c240,0x00000006d1980000)
 Metaspace       used 15178K, capacity 15344K, committed 15616K, reserved 1062912K
  class space    used 1672K, capacity 1684K, committed 1792K, reserved 1048576K
}
Event: 15.232 GC heap before
{Heap before GC invocations=24 (full 4):
 PSYoungGen      total 272896K, used 270688K [0x000000076b300000, 0x000000077c800000, 0x00000007c0000000)
  eden space 262144K, 100% used [0x000000076b300000,0x000000077b300000,0x000000077b300000)
  from space 10752K, 79% used [0x000000077b300000,0x000000077bb58000,0x000000077bd80000)
  to   space 10752K, 0% used [0x000000077bd80000,0x000000077bd80000,0x000000077c800000)
 ParOldGen       total 263680K, used 211440K [0x00000006c1800000, 0x00000006d1980000, 0x000000076b300000)
  object space 263680K, 80% used [0x00000006c1800000,0x00000006ce67c240,0x00000006d1980000)
 Metaspace       used 15188K, capacity 15344K, committed 15616K, reserved 1062912K
  class space    used 1672K, capacity 1684K, committed 1792K, reserved 1048576K
Event: 15.245 GC heap after
Heap after GC invocations=24 (full 4):
 PSYoungGen      total 237056K, used 10752K [0x000000076b300000, 0x0000000782c80000, 0x00000007c0000000)
  eden space 226304K, 0% used [0x000000076b300000,0x000000076b300000,0x0000000779000000)
  from space 10752K, 100% used [0x000000077bd80000,0x000000077c800000,0x000000077c800000)
  to   space 46592K, 0% used [0x0000000779000000,0x0000000779000000,0x000000077bd80000)
 ParOldGen       total 263680K, used 214848K [0x00000006c1800000, 0x00000006d1980000, 0x000000076b300000)
  object space 263680K, 81% used [0x00000006c1800000,0x00000006ce9d0250,0x00000006d1980000)
 Metaspace       used 15188K, capacity 15344K, committed 15616K, reserved 1062912K
  class space    used 1672K, capacity 1684K, committed 1792K, reserved 1048576K
}
Event: 15.727 GC heap before
{Heap before GC invocations=25 (full 4):
 PSYoungGen      total 237056K, used 237056K [0x000000076b300000, 0x0000000782c80000, 0x00000007c0000000)
  eden space 226304K, 100% used [0x000000076b300000,0x0000000779000000,0x0000000779000000)
  from space 10752K, 100% used [0x000000077bd80000,0x000000077c800000,0x000000077c800000)
  to   space 46592K, 0% used [0x0000000779000000,0x0000000779000000,0x000000077bd80000)
 ParOldGen       total 263680K, used 214848K [0x00000006c1800000, 0x00000006d1980000, 0x000000076b300000)
  object space 263680K, 81% used [0x00000006c1800000,0x00000006ce9d0250,0x00000006d1980000)
 Metaspace       used 15257K, capacity 15344K, committed 15616K, reserved 1062912K
  class space    used 1675K, capacity 1684K, committed 1792K, reserved 1048576K
Event: 15.746 GC heap after
Heap after GC invocations=25 (full 4):
 PSYoungGen      total 272896K, used 11872K [0x000000076b300000, 0x0000000780300000, 0x00000007c0000000)
  eden space 226304K, 0% used [0x000000076b300000,0x000000076b300000,0x0000000779000000)
  from space 46592K, 25% used [0x0000000779000000,0x0000000779b98000,0x000000077bd80000)
  to   space 44032K, 0% used [0x000000077d800000,0x000000077d800000,0x0000000780300000)
 ParOldGen       total 263680K, used 217892K [0x00000006c1800000, 0x00000006d1980000, 0x000000076b300000)
  object space 263680K, 82% used [0x00000006c1800000,0x00000006cecc9260,0x00000006d1980000)
 Metaspace       used 15257K, capacity 15344K, committed 15616K, reserved 1062912K
  class space    used 1675K, capacity 1684K, committed 1792K, reserved 1048576K
}
Event: 16.183 GC heap before
{Heap before GC invocations=26 (full 4):
 PSYoungGen      total 272896K, used 238176K [0x000000076b300000, 0x0000000780300000, 0x00000007c0000000)
  eden space 226304K, 100% used [0x000000076b300000,0x0000000779000000,0x0000000779000000)
  from space 46592K, 25% used [0x0000000779000000,0x0000000779b98000,0x000000077bd80000)
  to   space 44032K, 0% used [0x000000077d800000,0x000000077d800000,0x0000000780300000)
 ParOldGen       total 263680K, used 217892K [0x00000006c1800000, 0x00000006d1980000, 0x000000076b300000)
  object space 263680K, 82% used [0x00000006c1800000,0x00000006cecc9260,0x00000006d1980000)
 Metaspace       used 15262K, capacity 15344K, committed 15616K, reserved 1062912K
  class space    used 1675K, capacity 1684K, committed 1792K, reserved 1048576K
Event: 16.205 GC heap after
Heap after GC invocations=26 (full 4):
 PSYoungGen      total 301056K, used 16512K [0x000000076b300000, 0x0000000780180000, 0x00000007c0000000)
  eden space 258560K, 0% used [0x000000076b300000,0x000000076b300000,0x000000077af80000)
  from space 42496K, 38% used [0x000000077d800000,0x000000077e820000,0x0000000780180000)
  to   space 41472K, 0% used [0x000000077af80000,0x000000077af80000,0x000000077d800000)
 ParOldGen       total 263680K, used 217900K [0x00000006c1800000, 0x00000006d1980000, 0x000000076b300000)
  object space 263680K, 82% used [0x00000006c1800000,0x00000006ceccb260,0x00000006d1980000)
 Metaspace       used 15262K, capacity 15344K, committed 15616K, reserved 1062912K
  class space    used 1675K, capacity 1684K, committed 1792K, reserved 1048576K
}
Event: 16.716 GC heap before
{Heap before GC invocations=27 (full 4):
 PSYoungGen      total 301056K, used 275072K [0x000000076b300000, 0x0000000780180000, 0x00000007c0000000)
  eden space 258560K, 100% used [0x000000076b300000,0x000000077af80000,0x000000077af80000)
  from space 42496K, 38% used [0x000000077d800000,0x000000077e820000,0x0000000780180000)
  to   space 41472K, 0% used [0x000000077af80000,0x000000077af80000,0x000000077d800000)
 ParOldGen       total 263680K, used 217900K [0x00000006c1800000, 0x00000006d1980000, 0x000000076b300000)
  object space 263680K, 82% used [0x00000006c1800000,0x00000006ceccb260,0x00000006d1980000)
 Metaspace       used 15266K, capacity 15408K, committed 15616K, reserved 1062912K
  class space    used 1675K, capacity 1684K, committed 1792K, reserved 1048576K
Event: 16.731 GC heap after
Heap after GC invocations=27 (full 4):
 PSYoungGen      total 300032K, used 20576K [0x000000076b300000, 0x0000000780180000, 0x00000007c0000000)
  eden space 258560K, 0% used [0x000000076b300000,0x000000076b300000,0x000000077af80000)
  from space 41472K, 49% used [0x000000077af80000,0x000000077c398000,0x000000077d800000)
  to   space 42496K, 0% used [0x000000077d800000,0x000000077d800000,0x0000000780180000)
 ParOldGen       total 263680K, used 217900K [0x00000006c1800000, 0x00000006d1980000, 0x000000076b300000)
  object space 263680K, 82% used [0x00000006c1800000,0x00000006ceccb260,0x00000006d1980000)
 Metaspace       used 15266K, capacity 15408K, committed 15616K, reserved 1062912K
  class space    used 1675K, capacity 1684K, committed 1792K, reserved 1048576K
}

Deoptimization events (10 events):
Event: 15.544 Thread 0x0000000003433800 Uncommon trap: reason=class_check action=maybe_recompile pc=0x0000000004275d24 method=soot.jimple.toolkits.typing.fast.AugHierarchy.ancestor_(Lsoot/Type;Lsoot/Type;)Z @ 139
Event: 15.544 Thread 0x0000000003433800 Uncommon trap: reason=class_check action=maybe_recompile pc=0x0000000004275d24 method=soot.jimple.toolkits.typing.fast.AugHierarchy.ancestor_(Lsoot/Type;Lsoot/Type;)Z @ 139
Event: 15.555 Thread 0x0000000003433800 Uncommon trap: reason=class_check action=maybe_recompile pc=0x00000000048b132c method=soot.jimple.toolkits.typing.fast.AugHierarchy.ancestor_(Lsoot/Type;Lsoot/Type;)Z @ 139
Event: 15.648 Thread 0x0000000003433800 Uncommon trap: reason=unstable_if action=reinterpret pc=0x00000000043af720 method=soot.toolkits.scalar.FlowAnalysis$Orderer.newUniverse(Lsoot/toolkits/graph/DirectedGraph;Lsoot/toolkits/scalar/FlowAnalysis$GraphView;Ljava/lang/Object;Z)Ljava/util/List; @ 
Event: 15.656 Thread 0x0000000003433800 Uncommon trap: reason=class_check action=maybe_recompile pc=0x0000000003b7c908 method=soot.toolkits.graph.UnitGraph.getSuccsOf(Lsoot/Unit;)Ljava/util/List; @ 5
Event: 16.095 Thread 0x0000000003433800 Uncommon trap: reason=unstable_if action=reinterpret pc=0x00000000047e6550 method=soot.jimple.toolkits.typing.fast.AugHierarchy.ancestor_(Lsoot/Type;Lsoot/Type;)Z @ 234
Event: 16.801 Thread 0x0000000003433800 Uncommon trap: reason=bimorphic action=maybe_recompile pc=0x0000000003a084a8 method=java.util.Collections$UnmodifiableCollection$1.<init>(Ljava/util/Collections$UnmodifiableCollection;)V @ 17
Event: 16.801 Thread 0x0000000003433800 Uncommon trap: reason=bimorphic action=maybe_recompile pc=0x0000000003a084a8 method=java.util.Collections$UnmodifiableCollection$1.<init>(Ljava/util/Collections$UnmodifiableCollection;)V @ 17
Event: 16.801 Thread 0x0000000003433800 Uncommon trap: reason=bimorphic action=maybe_recompile pc=0x0000000003a084a8 method=java.util.Collections$UnmodifiableCollection$1.<init>(Ljava/util/Collections$UnmodifiableCollection;)V @ 17
Event: 16.801 Thread 0x0000000003433800 Uncommon trap: reason=bimorphic action=maybe_recompile pc=0x0000000003a084a8 method=java.util.Collections$UnmodifiableCollection$1.<init>(Ljava/util/Collections$UnmodifiableCollection;)V @ 17

Internal exceptions (10 events):
Event: 1.417 Thread 0x0000000003433800 Exception <a 'java/util/zip/ZipException'> (0x000000076dc32808) thrown at [C:\re\workspace\8-2-build-windows-amd64-cygwin\jdk8u144\9417\hotspot\src\share\vm\prims\jni.cpp, line 709]
Event: 1.445 Thread 0x0000000003433800 Exception <a 'java/util/zip/ZipException'> (0x000000076e92cb40) thrown at [C:\re\workspace\8-2-build-windows-amd64-cygwin\jdk8u144\9417\hotspot\src\share\vm\prims\jni.cpp, line 709]
Event: 3.759 Thread 0x0000000003433800 Exception <a 'java/util/zip/ZipException'> (0x000000076e1afb40) thrown at [C:\re\workspace\8-2-build-windows-amd64-cygwin\jdk8u144\9417\hotspot\src\share\vm\prims\jni.cpp, line 709]
Event: 3.820 Thread 0x0000000003433800 Implicit null exception at 0x0000000003c0f60c to 0x0000000003c125f9
Event: 3.821 Thread 0x0000000003433800 Implicit null exception at 0x0000000003bb5d8d to 0x0000000003bb5f8d
Event: 6.012 Thread 0x0000000003433800 Exception <a 'java/util/zip/ZipException'> (0x000000076b83eab8) thrown at [C:\re\workspace\8-2-build-windows-amd64-cygwin\jdk8u144\9417\hotspot\src\share\vm\prims\jni.cpp, line 709]
Event: 6.117 Thread 0x0000000003433800 Implicit null exception at 0x0000000003b02def to 0x0000000003b02e89
Event: 6.123 Thread 0x0000000003433800 Implicit null exception at 0x0000000003fc8ff5 to 0x0000000003fc90bd
Event: 7.331 Thread 0x0000000003433800 Implicit null exception at 0x0000000003649e4f to 0x0000000003649fe5
Event: 15.533 Thread 0x0000000003433800 Implicit null exception at 0x0000000004491697 to 0x000000000449bf3d

Events (10 events):
Event: 16.837 Thread 0x0000000003433800 DEOPT PACKING pc=0x0000000003e806e8 sp=0x00000000018be610
Event: 16.837 Thread 0x0000000003433800 DEOPT UNPACKING pc=0x000000000357787f sp=0x00000000018be480 mode 0
Event: 16.863 Thread 0x0000000003433800 DEOPT PACKING pc=0x000000000450f5a6 sp=0x00000000018be980
Event: 16.863 Thread 0x0000000003433800 DEOPT UNPACKING pc=0x000000000357787f sp=0x00000000018be858 mode 0
Event: 16.904 Thread 0x0000000003433800 DEOPT PACKING pc=0x000000000450f5a6 sp=0x00000000018be980
Event: 16.904 Thread 0x0000000003433800 DEOPT UNPACKING pc=0x000000000357787f sp=0x00000000018be858 mode 0
Event: 16.953 Thread 0x0000000003433800 DEOPT PACKING pc=0x000000000450f4bc sp=0x00000000018be980
Event: 16.953 Thread 0x0000000003433800 DEOPT UNPACKING pc=0x000000000357787f sp=0x00000000018be858 mode 0
Event: 16.996 Thread 0x0000000003433800 DEOPT PACKING pc=0x000000000450f5a6 sp=0x00000000018be980
Event: 16.996 Thread 0x0000000003433800 DEOPT UNPACKING pc=0x000000000357787f sp=0x00000000018be858 mode 0


Dynamic libraries:
0x00007ff7a89b0000 - 0x00007ff7a89e7000 	C:\Program Files\Java\jre1.8.0_144\bin\javaw.exe
0x00007ffbfc2c0000 - 0x00007ffbfc49b000 	C:\WINDOWS\SYSTEM32\ntdll.dll
0x00007ffbfbbf0000 - 0x00007ffbfbc9e000 	C:\WINDOWS\System32\KERNEL32.DLL
0x00007ffbf8a20000 - 0x00007ffbf8c69000 	C:\WINDOWS\System32\KERNELBASE.dll
0x00007ffbfbb40000 - 0x00007ffbfbbe1000 	C:\WINDOWS\System32\ADVAPI32.dll
0x00007ffbf9950000 - 0x00007ffbf99ed000 	C:\WINDOWS\System32\msvcrt.dll
0x00007ffbfbe50000 - 0x00007ffbfbea9000 	C:\WINDOWS\System32\sechost.dll
0x00007ffbf9820000 - 0x00007ffbf9945000 	C:\WINDOWS\System32\RPCRT4.dll
0x00007ffbfb1c0000 - 0x00007ffbfb30a000 	C:\WINDOWS\System32\USER32.dll
0x00007ffbf9100000 - 0x00007ffbf911e000 	C:\WINDOWS\System32\win32u.dll
0x00007ffbfbe20000 - 0x00007ffbfbe47000 	C:\WINDOWS\System32\GDI32.dll
0x00007ffbf8e20000 - 0x00007ffbf8fa7000 	C:\WINDOWS\System32\gdi32full.dll
0x00007ffbf8fb0000 - 0x00007ffbf904a000 	C:\WINDOWS\System32\msvcp_win.dll
0x00007ffbf8c70000 - 0x00007ffbf8d66000 	C:\WINDOWS\System32\ucrtbase.dll
0x00007ffbecf50000 - 0x00007ffbed1b7000 	C:\WINDOWS\WinSxS\amd64_microsoft.windows.common-controls_6595b64144ccf1df_6.0.15063.483_none_26002d27e7c744a2\COMCTL32.dll
0x00007ffbfbfc0000 - 0x00007ffbfc2b9000 	C:\WINDOWS\System32\combase.dll
0x00007ffbf87e0000 - 0x00007ffbf884a000 	C:\WINDOWS\System32\bcryptPrimitives.dll
0x00007ffbfb320000 - 0x00007ffbfb34d000 	C:\WINDOWS\System32\IMM32.DLL
0x000000006cd90000 - 0x000000006ce62000 	C:\Program Files\Java\jre1.8.0_144\bin\msvcr100.dll
0x000000006d030000 - 0x000000006d8cd000 	C:\Program Files\Java\jre1.8.0_144\bin\server\jvm.dll
0x00007ffbfb350000 - 0x00007ffbfb358000 	C:\WINDOWS\System32\PSAPI.DLL
0x00007ffbe1b90000 - 0x00007ffbe1b99000 	C:\WINDOWS\SYSTEM32\WSOCK32.dll
0x00007ffbf6c40000 - 0x00007ffbf6c63000 	C:\WINDOWS\SYSTEM32\WINMM.dll
0x00007ffbf5350000 - 0x00007ffbf535a000 	C:\WINDOWS\SYSTEM32\VERSION.dll
0x00007ffbfb690000 - 0x00007ffbfb6fc000 	C:\WINDOWS\System32\WS2_32.dll
0x00007ffbf6be0000 - 0x00007ffbf6c0b000 	C:\WINDOWS\SYSTEM32\WINMMBASE.dll
0x00007ffbf8d70000 - 0x00007ffbf8db9000 	C:\WINDOWS\System32\cfgmgr32.dll
0x000000006deb0000 - 0x000000006debf000 	C:\Program Files\Java\jre1.8.0_144\bin\verify.dll
0x000000006cf20000 - 0x000000006cf49000 	C:\Program Files\Java\jre1.8.0_144\bin\java.dll
0x000000006c9f0000 - 0x000000006ca25000 	C:\Program Files\Java\jre1.8.0_144\bin\jdwp.dll
0x000000006c9e0000 - 0x000000006c9e8000 	C:\Program Files\Java\jre1.8.0_144\bin\npt.dll
0x000000006cf00000 - 0x000000006cf16000 	C:\Program Files\Java\jre1.8.0_144\bin\zip.dll
0x00007ffbf9bc0000 - 0x00007ffbfaff6000 	C:\WINDOWS\System32\SHELL32.dll
0x00007ffbfb000000 - 0x00007ffbfb0aa000 	C:\WINDOWS\System32\shcore.dll
0x00007ffbf9120000 - 0x00007ffbf9811000 	C:\WINDOWS\System32\windows.storage.dll
0x00007ffbfbd60000 - 0x00007ffbfbdb1000 	C:\WINDOWS\System32\shlwapi.dll
0x00007ffbf87a0000 - 0x00007ffbf87b1000 	C:\WINDOWS\System32\kernel.appcore.dll
0x00007ffbf8730000 - 0x00007ffbf877c000 	C:\WINDOWS\System32\powrprof.dll
0x00007ffbf8780000 - 0x00007ffbf8795000 	C:\WINDOWS\System32\profapi.dll
0x000000006c9d0000 - 0x000000006c9d9000 	C:\Program Files\Java\jre1.8.0_144\bin\dt_socket.dll
0x00007ffbe6790000 - 0x00007ffbe67a6000 	C:\WINDOWS\system32\napinsp.dll
0x00007ffbe6770000 - 0x00007ffbe678a000 	C:\WINDOWS\system32\pnrpnsp.dll
0x00007ffbf4530000 - 0x00007ffbf4548000 	C:\WINDOWS\system32\NLAapi.dll
0x00007ffbf8040000 - 0x00007ffbf809c000 	C:\WINDOWS\System32\mswsock.dll
0x00007ffbf7e20000 - 0x00007ffbf7ec4000 	C:\WINDOWS\SYSTEM32\DNSAPI.dll
0x00007ffbfb310000 - 0x00007ffbfb318000 	C:\WINDOWS\System32\NSI.dll
0x00007ffbf7de0000 - 0x00007ffbf7e17000 	C:\WINDOWS\SYSTEM32\IPHLPAPI.DLL
0x00007ffbe6760000 - 0x00007ffbe676e000 	C:\WINDOWS\System32\winrnr.dll
0x00007ffbee940000 - 0x00007ffbee9ab000 	C:\WINDOWS\System32\fwpuclnt.dll
0x00007ffbf82f0000 - 0x00007ffbf8315000 	C:\WINDOWS\SYSTEM32\bcrypt.dll
0x00007ffbedf50000 - 0x00007ffbedf5a000 	C:\Windows\System32\rasadhlp.dll

VM Arguments:
jvm_args: -agentlib:jdwp=transport=dt_socket,suspend=y,address=localhost:63559 -XX:+HeapDumpOnOutOfMemoryError -XX:HeapDumpPath=D:\MyWorkspace -Dfile.encoding=MS949 
java_command: extractocol.tester.ForTest
java_class_path (initial): E:\extractocol_private\src\extractocol\bin;E:\extractocol_private\src\heros\target\classes;E:\extractocol_private\src\heros\target\test-classes;E:\extractocol_private\src\heros\slf4j-api-1.7.5.jar;E:\extractocol_private\src\heros\slf4j-simple-1.7.5.jar;E:\extractocol_private\src\heros\junit.jar;E:\extractocol_private\src\heros\org.hamcrest.core_1.3.0.jar;E:\extractocol_private\src\heros\mockito-all-1.9.5.jar;C:\Users\user\.m2\repository\org\functionaljava\functionaljava\4.2\functionaljava-4.2.jar;C:\Users\user\.m2\repository\com\google\guava\guava\18.0\guava-18.0.jar;C:\Users\user\.m2\repository\org\slf4j\slf4j-api\1.7.5\slf4j-api-1.7.5.jar;C:\Users\user\.m2\repository\org\slf4j\slf4j-simple\1.7.5\slf4j-simple-1.7.5.jar;C:\Users\user\.m2\repository\org\hamcrest\hamcrest-core\1.3\hamcrest-core-1.3.jar;C:\Users\user\.m2\repository\junit\junit\4.12\junit-4.12.jar;C:\Users\user\.m2\repository\org\mockito\mockito-all\1.9.5\mockito-all-1.9.5.jar;E:\extractocol_private\src\heros\guava-18.0.jar;E:\extractocol_private\src\jasmin\classes;E:\extractocol_private\src\jasmin\libs\java_cup.jar;E:\extractocol_private\src\soot\testclasses;E:\extractocol_private\src\soot\classes;E:\extractocol_private\src\soot\libs\polyglot.jar;E:\extractocol_private\src\soot\libs\AXMLPrinter2.jar;E:\extractocol_private\src\soot\libs\hamcrest-all-1.3.jar;E:\extractocol_private\src\soot\libs\junit-4.11.jar;E:\extractocol_private\src\soot\libs\cglib-nodep-2.2.2.jar;E:\extractocol_private\src\soot\libs\javassist-3.18.2-GA.jar;E:\extractocol_private\src\soot\libs\mockito-all-1.10.8.jar;E:\extractocol_private\src\soot\libs\powermock-mockito-1.6.1-full.jar;E:\extractocol_private\src\soot\libs\jboss-common-core-2.5.0.Final.jar;E:\extractocol_private\src\soot\libs\asm-debug-all-5.1.jar;E:\extractocol_private\src\soot\libs\dexlib2-2.2b4-adb12356.jar;E:\extractocol_private\src\soot\libs\util-2.2b4-adb12356.jar;E:\extractocol_private\src\soot-infoflow-android\bin;E:\extractocol_priv
Launcher Type: SUN_STANDARD

Environment Variables:
PATH=C:/Program Files/Java/jre1.8.0_144/bin/server;C:/Program Files/Java/jre1.8.0_144/bin;C:/Program Files/Java/jre1.8.0_144/lib/amd64;C:\ProgramData\Oracle\Java\javapath;C:\Program Files (x86)\Intel\iCLS Client\;C:\Program Files\Intel\iCLS Client\;C:\Windows\system32;C:\Windows;C:\Windows\System32\Wbem;C:\Windows\System32\WindowsPowerShell\v1.0\;C:\Program Files (x86)\Intel\Intel(R) Management Engine Components\DAL;C:\Program Files\Intel\Intel(R) Management Engine Components\DAL;C:\Program Files (x86)\Intel\Intel(R) Management Engine Components\IPT;C:\Program Files\Intel\Intel(R) Management Engine Components\IPT;C:\Program Files (x86)\NVIDIA Corporation\PhysX\Common;C:\Program Files\Git\cmd;C:\Users\user\AppData\Local\Android\sdk\platform-tools;%SystemRoot%\system32;%SystemRoot%;%SystemRoot%\System32\Wbem;%SYSTEMROOT%\System32\WindowsPowerShell\v1.0\;C:\Program Files\Bandizip\;%USERPROFILE%\AppData\Local\Microsoft\WindowsApps;;C:\Users\user\eclipse\java-oxygen\eclipse;
USERNAME=user
OS=Windows_NT
PROCESSOR_IDENTIFIER=Intel64 Family 6 Model 158 Stepping 9, GenuineIntel



---------------  S Y S T E M  ---------------

OS: Windows 10.0 , 64 bit Build 15063 (10.0.15063.296)

CPU:total 4 (initial active 4) (4 cores per cpu, 1 threads per core) family 6 model 158 stepping 9, cmov, cx8, fxsr, mmx, sse, sse2, sse3, ssse3, sse4.1, sse4.2, popcnt, avx, avx2, aes, clmul, erms, rtm, 3dnowpref, lzcnt, tsc, tscinvbit, bmi1, bmi2, adx

Memory: 4k page, physical 16674352k(1139712k free), swap 47020692k(7556k free)

vm_info: Java HotSpot(TM) 64-Bit Server VM (25.144-b01) for windows-amd64 JRE (1.8.0_144-b01), built on Jul 21 2017 21:57:33 by "java_re" with MS VC++ 10.0 (VS2010)

time: Tue Nov 07 22:50:07 2017
elapsed time: 17 seconds (0d 0h 0m 17s)

