#
# There is insufficient memory for the Java Runtime Environment to continue.
# Native memory allocation (malloc) failed to allocate 131088 bytes for Chunk::new
# Possible reasons:
#   The system is out of physical RAM or swap space
#   In 32 bit mode, the process size limit was hit
# Possible solutions:
#   Reduce memory load on the system
#   Increase physical memory or swap space
#   Check if swap backing store is full
#   Use 64 bit Java on a 64 bit OS
#   Decrease Java heap size (-Xmx/-Xms)
#   Decrease number of Java threads
#   Decrease Java thread stack sizes (-Xss)
#   Set larger code cache with -XX:ReservedCodeCacheSize=
# This output file may be truncated or incomplete.
#
#  Out of Memory Error (allocation.cpp:390), pid=3984, tid=12472
#
# JRE version: Java(TM) SE Runtime Environment (8.0_45-b15) (build 1.8.0_45-b15)
# Java VM: Java HotSpot(TM) 64-Bit Server VM (25.45-b02 mixed mode windows-amd64 compressed oops)
# Failed to write core dump. Minidumps are not enabled by default on client versions of Windows
#

---------------  T H R E A D  ---------------

Current thread (0x0000000007845000):  JavaThread "C2 CompilerThread0" daemon [_thread_in_native, id=12472, stack(0x0000000007620000,0x0000000007720000)]

Stack: [0x0000000007620000,0x0000000007720000]
Native frames: (J=compiled Java code, j=interpreted, Vv=VM code, C=native code)
V  [jvm.dll+0x32b57a]
V  [jvm.dll+0x279873]
V  [jvm.dll+0x27a509]
V  [jvm.dll+0x271825]
V  [jvm.dll+0xcb9e2]
V  [jvm.dll+0xcbeac]
V  [jvm.dll+0xcc204]
V  [jvm.dll+0x4ea280]
V  [jvm.dll+0x4b5e7a]
V  [jvm.dll+0x4b6123]
V  [jvm.dll+0x4b79a9]
V  [jvm.dll+0x4b988f]
V  [jvm.dll+0x46bf81]
V  [jvm.dll+0x46ccbe]
V  [jvm.dll+0x4500f2]
V  [jvm.dll+0xa4352]
V  [jvm.dll+0xa4c8f]
V  [jvm.dll+0x241984]
V  [jvm.dll+0x29853a]
C  [msvcr100.dll+0x21d9f]
C  [msvcr100.dll+0x21e3b]
C  [kernel32.dll+0x159cd]
C  [ntdll.dll+0x2a561]


Current CompileTask:
C2:  73355 6518       4       soot.jimple.infoflow.solver.fastSolver.IFDSSolver::processExit (651 bytes)


---------------  P R O C E S S  ---------------

Java Threads: ( => current thread )
  0x000000000980e800 JavaThread "Thread-1" [_thread_in_native, id=12876, stack(0x00000000080c0000,0x00000000081c0000)]
  0x00000000078d2000 JavaThread "Service Thread" daemon [_thread_blocked, id=9444, stack(0x0000000008440000,0x0000000008540000)]
  0x000000000784d800 JavaThread "C1 CompilerThread2" daemon [_thread_blocked, id=13324, stack(0x00000000081d0000,0x00000000082d0000)]
  0x000000000784c800 JavaThread "C2 CompilerThread1" daemon [_thread_in_native, id=4804, stack(0x0000000007fc0000,0x00000000080c0000)]
=>0x0000000007845000 JavaThread "C2 CompilerThread0" daemon [_thread_in_native, id=12472, stack(0x0000000007620000,0x0000000007720000)]
  0x0000000007844000 JavaThread "Attach Listener" daemon [_thread_blocked, id=12112, stack(0x0000000007e10000,0x0000000007f10000)]
  0x000000000631f800 JavaThread "Signal Dispatcher" daemon [_thread_blocked, id=15304, stack(0x0000000007c80000,0x0000000007d80000)]
  0x00000000062bc000 JavaThread "Finalizer" daemon [_thread_blocked, id=14992, stack(0x0000000007730000,0x0000000007830000)]
  0x00000000062b5000 JavaThread "Reference Handler" daemon [_thread_blocked, id=13628, stack(0x00000000073c0000,0x00000000074c0000)]
  0x00000000022a8000 JavaThread "main" [_thread_blocked, id=4624, stack(0x0000000002460000,0x0000000002560000)]

Other Threads:
  0x00000000062ac000 VMThread [stack: 0x0000000007500000,0x0000000007600000] [id=2984]
  0x00000000078d7000 WatcherThread [stack: 0x0000000008300000,0x0000000008400000] [id=7992]

VM state:not at safepoint (normal execution)

VM Mutex/Monitor currently owned by a thread: None

Heap:
 PSYoungGen      total 1223168K, used 446878K [0x0000000718d80000, 0x000000076e280000, 0x00000007c0000000)
  eden space 1048576K, 25% used [0x0000000718d80000,0x0000000729767ea8,0x0000000758d80000)
  from space 174592K, 99% used [0x0000000758d80000,0x00000007637ffa68,0x0000000763800000)
  to   space 174592K, 0% used [0x0000000763800000,0x0000000763800000,0x000000076e280000)
 ParOldGen       total 2796544K, used 1218226K [0x00000005ca800000, 0x0000000675300000, 0x0000000718d80000)
  object space 2796544K, 43% used [0x00000005ca800000,0x0000000614daca98,0x0000000675300000)
 Metaspace       used 14895K, capacity 14996K, committed 15232K, reserved 1062912K
  class space    used 1583K, capacity 1616K, committed 1664K, reserved 1048576K

Card table byte_map: [0x0000000002920000,0x00000000038d0000] byte_map_base: 0xffffffffffacc000

Marking Bits: (ParMarkBitMap*) 0x0000000056364040
 Begin Bits: [0x000000001f040000, 0x0000000026da0000)
 End Bits:   [0x0000000026da0000, 0x000000002eb00000)

Polling page: 0x0000000000260000

CodeCache: size=245760Kb used=23704Kb max_used=24018Kb free=222055Kb
 bounds [0x0000000010040000, 0x00000000117e0000, 0x000000001f040000]
 total_blobs=4508 nmethods=4207 adapters=213
 compilation: enabled

Compilation events (10 events):
Event: 72.863 Thread 0x000000000784d800 nmethod 6562 0x0000000011020c10 code [0x0000000011020e00, 0x0000000011021618]
Event: 72.863 Thread 0x000000000784d800 6563       3       soot.jimple.toolkits.ide.icfg.AbstractJimpleBasedICFG$1::load (9 bytes)
Event: 72.863 Thread 0x000000000784d800 nmethod 6563 0x0000000010447c10 code [0x0000000010447de0, 0x00000000104485d8]
Event: 72.863 Thread 0x000000000784d800 6564       3       soot.jimple.toolkits.ide.icfg.AbstractJimpleBasedICFG::makeGraph (31 bytes)
Event: 72.863 Thread 0x000000000784d800 nmethod 6564 0x000000001055db90 code [0x000000001055dd60, 0x000000001055e438]
Event: 72.869 Thread 0x000000000784d800 6567       3       soot.jimple.toolkits.callgraph.CallGraph$CallersOfMethodIterator::hasNext (42 bytes)
Event: 72.869 Thread 0x000000000784d800 nmethod 6567 0x000000001017f5d0 code [0x000000001017f740, 0x000000001017fad0]
Event: 73.012 Thread 0x000000000784c800 6568       4       heros.solver.PathEdge::equals (129 bytes)
Event: 73.039 Thread 0x000000000784c800 nmethod 6568 0x00000000113cf5d0 code [0x00000000113cf7e0, 0x00000000113d1098]
Event: 73.040 Thread 0x000000000784c800 6569       4       soot.jimple.infoflow.problems.BackwardTaintingProblem$1$3::computeTargetsInternal (986 bytes)

GC Heap History (10 events):
Event: 46.561 GC heap before
{Heap before GC invocations=31 (full 0):
 PSYoungGen      total 1223168K, used 1061536K [0x0000000718d80000, 0x000000076e280000, 0x00000007c0000000)
  eden space 1048576K, 100% used [0x0000000718d80000,0x0000000758d80000,0x0000000758d80000)
  from space 174592K, 7% used [0x0000000763800000,0x00000007644a80a0,0x000000076e280000)
  to   space 174592K, 0% used [0x0000000758d80000,0x0000000758d80000,0x0000000763800000)
 ParOldGen       total 2796544K, used 868161K [0x00000005ca800000, 0x0000000675300000, 0x0000000718d80000)
  object space 2796544K, 31% used [0x00000005ca800000,0x00000005ff7d0498,0x0000000675300000)
 Metaspace       used 13149K, capacity 13364K, committed 13568K, reserved 1060864K
  class space    used 1432K, capacity 1456K, committed 1536K, reserved 1048576K
Event: 46.595 GC heap after
Heap after GC invocations=31 (full 0):
 PSYoungGen      total 1223168K, used 19840K [0x0000000718d80000, 0x000000076e280000, 0x00000007c0000000)
  eden space 1048576K, 0% used [0x0000000718d80000,0x0000000718d80000,0x0000000758d80000)
  from space 174592K, 11% used [0x0000000758d80000,0x000000075a0e0000,0x0000000763800000)
  to   space 174592K, 0% used [0x0000000763800000,0x0000000763800000,0x000000076e280000)
 ParOldGen       total 2796544K, used 879697K [0x00000005ca800000, 0x0000000675300000, 0x0000000718d80000)
  object space 2796544K, 31% used [0x00000005ca800000,0x0000000600314518,0x0000000675300000)
 Metaspace       used 13149K, capacity 13364K, committed 13568K, reserved 1060864K
  class space    used 1432K, capacity 1456K, committed 1536K, reserved 1048576K
}
Event: 48.664 GC heap before
{Heap before GC invocations=32 (full 0):
 PSYoungGen      total 1223168K, used 1068416K [0x0000000718d80000, 0x000000076e280000, 0x00000007c0000000)
  eden space 1048576K, 100% used [0x0000000718d80000,0x0000000758d80000,0x0000000758d80000)
  from space 174592K, 11% used [0x0000000758d80000,0x000000075a0e0000,0x0000000763800000)
  to   space 174592K, 0% used [0x0000000763800000,0x0000000763800000,0x000000076e280000)
 ParOldGen       total 2796544K, used 879697K [0x00000005ca800000, 0x0000000675300000, 0x0000000718d80000)
  object space 2796544K, 31% used [0x00000005ca800000,0x0000000600314518,0x0000000675300000)
 Metaspace       used 13390K, capacity 13588K, committed 13824K, reserved 1060864K
  class space    used 1478K, capacity 1488K, committed 1536K, reserved 1048576K
Event: 48.706 GC heap after
Heap after GC invocations=32 (full 0):
 PSYoungGen      total 1223168K, used 26415K [0x0000000718d80000, 0x000000076e280000, 0x00000007c0000000)
  eden space 1048576K, 0% used [0x0000000718d80000,0x0000000718d80000,0x0000000758d80000)
  from space 174592K, 15% used [0x0000000763800000,0x00000007651cbce8,0x000000076e280000)
  to   space 174592K, 0% used [0x0000000758d80000,0x0000000758d80000,0x0000000763800000)
 ParOldGen       total 2796544K, used 899542K [0x00000005ca800000, 0x0000000675300000, 0x0000000718d80000)
  object space 2796544K, 32% used [0x00000005ca800000,0x0000000601675820,0x0000000675300000)
 Metaspace       used 13390K, capacity 13588K, committed 13824K, reserved 1060864K
  class space    used 1478K, capacity 1488K, committed 1536K, reserved 1048576K
}
Event: 52.495 GC heap before
{Heap before GC invocations=33 (full 0):
 PSYoungGen      total 1223168K, used 1074991K [0x0000000718d80000, 0x000000076e280000, 0x00000007c0000000)
  eden space 1048576K, 100% used [0x0000000718d80000,0x0000000758d80000,0x0000000758d80000)
  from space 174592K, 15% used [0x0000000763800000,0x00000007651cbce8,0x000000076e280000)
  to   space 174592K, 0% used [0x0000000758d80000,0x0000000758d80000,0x0000000763800000)
 ParOldGen       total 2796544K, used 899542K [0x00000005ca800000, 0x0000000675300000, 0x0000000718d80000)
  object space 2796544K, 32% used [0x00000005ca800000,0x0000000601675820,0x0000000675300000)
 Metaspace       used 13558K, capacity 13780K, committed 14080K, reserved 1062912K
  class space    used 1484K, capacity 1488K, committed 1536K, reserved 1048576K
Event: 52.596 GC heap after
Heap after GC invocations=33 (full 0):
 PSYoungGen      total 1223168K, used 57047K [0x0000000718d80000, 0x000000076e280000, 0x00000007c0000000)
  eden space 1048576K, 0% used [0x0000000718d80000,0x0000000718d80000,0x0000000758d80000)
  from space 174592K, 32% used [0x0000000758d80000,0x000000075c535f60,0x0000000763800000)
  to   space 174592K, 0% used [0x0000000763800000,0x0000000763800000,0x000000076e280000)
 ParOldGen       total 2796544K, used 925681K [0x00000005ca800000, 0x0000000675300000, 0x0000000718d80000)
  object space 2796544K, 33% used [0x00000005ca800000,0x0000000602ffc498,0x0000000675300000)
 Metaspace       used 13558K, capacity 13780K, committed 14080K, reserved 1062912K
  class space    used 1484K, capacity 1488K, committed 1536K, reserved 1048576K
}
Event: 60.075 GC heap before
{Heap before GC invocations=34 (full 0):
 PSYoungGen      total 1223168K, used 1105623K [0x0000000718d80000, 0x000000076e280000, 0x00000007c0000000)
  eden space 1048576K, 100% used [0x0000000718d80000,0x0000000758d80000,0x0000000758d80000)
  from space 174592K, 32% used [0x0000000758d80000,0x000000075c535f60,0x0000000763800000)
  to   space 174592K, 0% used [0x0000000763800000,0x0000000763800000,0x000000076e280000)
 ParOldGen       total 2796544K, used 925681K [0x00000005ca800000, 0x0000000675300000, 0x0000000718d80000)
  object space 2796544K, 33% used [0x00000005ca800000,0x0000000602ffc498,0x0000000675300000)
 Metaspace       used 13911K, capacity 14132K, committed 14336K, reserved 1062912K
  class space    used 1504K, capacity 1520K, committed 1536K, reserved 1048576K
Event: 60.277 GC heap after
Heap after GC invocations=34 (full 0):
 PSYoungGen      total 1223168K, used 174570K [0x0000000718d80000, 0x000000076e280000, 0x00000007c0000000)
  eden space 1048576K, 0% used [0x0000000718d80000,0x0000000718d80000,0x0000000758d80000)
  from space 174592K, 99% used [0x0000000763800000,0x000000076e27a8d8,0x000000076e280000)
  to   space 174592K, 0% used [0x0000000758d80000,0x0000000758d80000,0x0000000763800000)
 ParOldGen       total 2796544K, used 1043421K [0x00000005ca800000, 0x0000000675300000, 0x0000000718d80000)
  object space 2796544K, 37% used [0x00000005ca800000,0x000000060a2f75c8,0x0000000675300000)
 Metaspace       used 13911K, capacity 14132K, committed 14336K, reserved 1062912K
  class space    used 1504K, capacity 1520K, committed 1536K, reserved 1048576K
}
Event: 67.553 GC heap before
{Heap before GC invocations=35 (full 0):
 PSYoungGen      total 1223168K, used 1223146K [0x0000000718d80000, 0x000000076e280000, 0x00000007c0000000)
  eden space 1048576K, 100% used [0x0000000718d80000,0x0000000758d80000,0x0000000758d80000)
  from space 174592K, 99% used [0x0000000763800000,0x000000076e27a8d8,0x000000076e280000)
  to   space 174592K, 0% used [0x0000000758d80000,0x0000000758d80000,0x0000000763800000)
 ParOldGen       total 2796544K, used 1043421K [0x00000005ca800000, 0x0000000675300000, 0x0000000718d80000)
  object space 2796544K, 37% used [0x00000005ca800000,0x000000060a2f75c8,0x0000000675300000)
 Metaspace       used 14814K, capacity 14932K, committed 15232K, reserved 1062912K
  class space    used 1582K, capacity 1616K, committed 1664K, reserved 1048576K
Event: 67.864 GC heap after
Heap after GC invocations=35 (full 0):
 PSYoungGen      total 1223168K, used 174590K [0x0000000718d80000, 0x000000076e280000, 0x00000007c0000000)
  eden space 1048576K, 0% used [0x0000000718d80000,0x0000000718d80000,0x0000000758d80000)
  from space 174592K, 99% used [0x0000000758d80000,0x00000007637ffa68,0x0000000763800000)
  to   space 174592K, 0% used [0x0000000763800000,0x0000000763800000,0x000000076e280000)
 ParOldGen       total 2796544K, used 1218226K [0x00000005ca800000, 0x0000000675300000, 0x0000000718d80000)
  object space 2796544K, 43% used [0x00000005ca800000,0x0000000614daca98,0x0000000675300000)
 Metaspace       used 14814K, capacity 14932K, committed 15232K, reserved 1062912K
  class space    used 1582K, capacity 1616K, committed 1664K, reserved 1048576K
}

Deoptimization events (10 events):
Event: 70.820 Thread 0x000000000980e800 Uncommon trap: reason=unstable_if action=reinterpret pc=0x0000000011795644 method=soot.jimple.infoflow.data.AccessPath.<init>(Lsoot/Value;[Lsoot/SootField;Lsoot/Type;[Lsoot/Type;ZZZ)V @ 372
Event: 71.457 Thread 0x000000000980e800 Uncommon trap: reason=unstable_if action=reinterpret pc=0x0000000011081d60 method=heros.FlowFunctionCache$CallKey.hashCode()I @ 13
Event: 71.457 Thread 0x000000000980e800 Uncommon trap: reason=unstable_if action=reinterpret pc=0x00000000114e8484 method=soot.jimple.infoflow.problems.BackwardTaintingProblem$1$3.computeTargetsInternal(Lsoot/jimple/infoflow/data/Abstraction;Lsoot/jimple/infoflow/data/Abstraction;Ljava/util/Colluxå?N›Q@
Event: 71.458 Thread 0x000000000980e800 Uncommon trap: reason=unstable_if action=reinterpret pc=0x0000000011780958 method=heros.FlowFunctionCache$CallKey.hashCode()I @ 13
Event: 71.458 Thread 0x000000000980e800 Uncommon trap: reason=unstable_if action=reinterpret pc=0x000000001079288c method=heros.FlowFunctionCache$CallKey.equals(Ljava/lang/Object;)Z @ 35
Event: 71.612 Thread 0x000000000980e800 Uncommon trap: reason=class_check action=maybe_recompile pc=0x00000000106543d0 method=java.util.HashMap.putVal(ILjava/lang/Object;Ljava/lang/Object;ZZ)Ljava/lang/Object; @ 203
Event: 71.899 Thread 0x000000000980e800 Uncommon trap: reason=unstable_if action=reinterpret pc=0x00000000117ba1c8 method=soot.jimple.infoflow.util.BaseSelector.selectBase(Lsoot/Value;Z)Lsoot/Value; @ 50
Event: 72.437 Thread 0x000000000980e800 Uncommon trap: reason=unstable_if action=reinterpret pc=0x00000000117997b8 method=heros.FlowFunctionCache$CallKey.equals(Ljava/lang/Object;)Z @ 35
Event: 72.446 Thread 0x000000000980e800 Uncommon trap: reason=unstable_if action=reinterpret pc=0x00000000107af2fc method=heros.solver.PathEdge.equals(Ljava/lang/Object;)Z @ 58
Event: 72.446 Thread 0x000000000980e800 Uncommon trap: reason=unstable_if action=reinterpret pc=0x000000001100d9b4 method=java.util.concurrent.ConcurrentHashMap.putVal(Ljava/lang/Object;Ljava/lang/Object;Z)Ljava/lang/Object; @ 195

Internal exceptions (10 events):
Event: 72.570 Thread 0x000000000980e800 Exception <a 'java/lang/ClassCastException'> (0x0000000727204a90) thrown at [C:\re\workspace\8-2-build-windows-amd64-cygwin\jdk8u45\3627\hotspot\src\share\vm\runtime\sharedRuntime.cpp, line 605]
Event: 72.570 Thread 0x000000000980e800 Exception <a 'java/lang/ClassCastException'> (0x000000072720c4b0) thrown at [C:\re\workspace\8-2-build-windows-amd64-cygwin\jdk8u45\3627\hotspot\src\share\vm\runtime\sharedRuntime.cpp, line 605]
Event: 72.570 Thread 0x000000000980e800 Exception <a 'java/lang/ClassCastException'> (0x000000072722efb0) thrown at [C:\re\workspace\8-2-build-windows-amd64-cygwin\jdk8u45\3627\hotspot\src\share\vm\runtime\sharedRuntime.cpp, line 605]
Event: 72.709 Thread 0x000000000980e800 Exception <a 'java/lang/ClassCastException'> (0x0000000727352820) thrown at [C:\re\workspace\8-2-build-windows-amd64-cygwin\jdk8u45\3627\hotspot\src\share\vm\runtime\sharedRuntime.cpp, line 605]
Event: 72.712 Thread 0x000000000980e800 Exception <a 'java/lang/ClassCastException'> (0x000000072743b688) thrown at [C:\re\workspace\8-2-build-windows-amd64-cygwin\jdk8u45\3627\hotspot\src\share\vm\runtime\sharedRuntime.cpp, line 605]
Event: 72.715 Thread 0x000000000980e800 Exception <a 'java/lang/ClassCastException'> (0x000000072754b138) thrown at [C:\re\workspace\8-2-build-windows-amd64-cygwin\jdk8u45\3627\hotspot\src\share\vm\runtime\sharedRuntime.cpp, line 605]
Event: 72.716 Thread 0x000000000980e800 Exception <a 'java/lang/ClassCastException'> (0x000000072755a260) thrown at [C:\re\workspace\8-2-build-windows-amd64-cygwin\jdk8u45\3627\hotspot\src\share\vm\runtime\sharedRuntime.cpp, line 605]
Event: 72.717 Thread 0x000000000980e800 Exception <a 'java/lang/ClassCastException'> (0x00000007275be480) thrown at [C:\re\workspace\8-2-build-windows-amd64-cygwin\jdk8u45\3627\hotspot\src\share\vm\runtime\sharedRuntime.cpp, line 605]
Event: 72.720 Thread 0x000000000980e800 Exception <a 'java/lang/ClassCastException'> (0x00000007277610f8) thrown at [C:\re\workspace\8-2-build-windows-amd64-cygwin\jdk8u45\3627\hotspot\src\share\vm\runtime\sharedRuntime.cpp, line 605]
Event: 72.720 Thread 0x000000000980e800 Exception <a 'java/lang/ClassCastException'> (0x0000000727761610) thrown at [C:\re\workspace\8-2-build-windows-amd64-cygwin\jdk8u45\3627\hotspot\src\share\vm\runtime\sharedRuntime.cpp, line 605]

Events (10 events):
Event: 72.437 Thread 0x000000000980e800 DEOPT PACKING pc=0x00000000117997b8 sp=0x00000000081be9a0
Event: 72.437 Thread 0x000000000980e800 DEOPT UNPACKING pc=0x000000001008582a sp=0x00000000081be940 mode 2
Event: 72.446 Thread 0x000000000980e800 Uncommon trap: trap_request=0xffffff65 fr.pc=0x00000000107af2fc
Event: 72.446 Thread 0x000000000980e800 DEOPT PACKING pc=0x00000000107af2fc sp=0x00000000081beb00
Event: 72.446 Thread 0x000000000980e800 DEOPT UNPACKING pc=0x000000001008582a sp=0x00000000081beac0 mode 2
Event: 72.446 Thread 0x000000000980e800 Uncommon trap: trap_request=0xffffff65 fr.pc=0x000000001100d9b4
Event: 72.446 Executing VM operation: RevokeBias
Event: 72.446 Executing VM operation: RevokeBias done
Event: 72.446 Thread 0x000000000980e800 DEOPT PACKING pc=0x000000001100d9b4 sp=0x00000000081beb60
Event: 72.446 Thread 0x000000000980e800 DEOPT UNPACKING pc=0x000000001008582a sp=0x00000000081beb00 mode 2


Dynamic libraries:
0x000000013fbc0000 - 0x000000013fbf7000 	C:\Program Files\Java\jre1.8.0_45\bin\javaw.exe
0x00000000774b0000 - 0x000000007765a000 	C:\Windows\SYSTEM32\ntdll.dll
0x0000000077390000 - 0x00000000774af000 	C:\Windows\system32\kernel32.dll
0x000007fefd210000 - 0x000007fefd27a000 	C:\Windows\system32\KERNELBASE.dll
0x000007fefe460000 - 0x000007fefe53b000 	C:\Windows\system32\ADVAPI32.dll
0x000007fefe850000 - 0x000007fefe8ef000 	C:\Windows\system32\msvcrt.dll
0x000007fefeae0000 - 0x000007fefeaff000 	C:\Windows\SYSTEM32\sechost.dll
0x000007fefd5a0000 - 0x000007fefd6cd000 	C:\Windows\system32\RPCRT4.dll
0x0000000077290000 - 0x000000007738a000 	C:\Windows\system32\USER32.dll
0x000007fefe8f0000 - 0x000007fefe957000 	C:\Windows\system32\GDI32.dll
0x000007fefee70000 - 0x000007fefee7e000 	C:\Windows\system32\LPK.dll
0x000007fefeb90000 - 0x000007fefec5a000 	C:\Windows\system32\USP10.dll
0x000007fefbbf0000 - 0x000007fefbde4000 	C:\Windows\WinSxS\amd64_microsoft.windows.common-controls_6595b64144ccf1df_6.0.7601.18837_none_fa3b1e3d17594757\COMCTL32.dll
0x000007feff1e0000 - 0x000007feff251000 	C:\Windows\system32\SHLWAPI.dll
0x000007feff1b0000 - 0x000007feff1de000 	C:\Windows\system32\IMM32.DLL
0x000007fefe540000 - 0x000007fefe649000 	C:\Windows\system32\MSCTF.dll
0x000007feef440000 - 0x000007feef467000 	C:\Windows\system32\f_im.dll
0x0000000061000000 - 0x0000000061181000 	C:\Program Files\Fasoo DRM\f_sps.dll
0x000007fefd6d0000 - 0x000007fefe45a000 	C:\Windows\system32\SHELL32.dll
0x000007fefec60000 - 0x000007fefee63000 	C:\Windows\system32\ole32.dll
0x000007fefe960000 - 0x000007fefea3a000 	C:\Windows\system32\OLEAUT32.dll
0x000007fefc290000 - 0x000007fefc2bd000 	C:\Windows\system32\ntmarta.dll
0x000007feff150000 - 0x000007feff1a2000 	C:\Windows\system32\WLDAP32.dll
0x0000000010000000 - 0x0000000010033000 	C:\Windows\system32\f_pbrc12.dll
0x000007fefade0000 - 0x000007fefade7000 	C:\Windows\system32\msimg32.dll
0x000007fefc280000 - 0x000007fefc28c000 	C:\Windows\system32\version.dll
0x000007fef7fa0000 - 0x000007fef8011000 	C:\Windows\system32\winspool.drv
0x0000000077680000 - 0x0000000077687000 	C:\Windows\system32\psapi.dll
0x000007fefc440000 - 0x000007fefc451000 	C:\Windows\system32\wtsapi32.dll
0x0000000068420000 - 0x00000000684f2000 	C:\Program Files\Java\jre1.8.0_45\bin\msvcr100.dll
0x0000000055b60000 - 0x00000000563e3000 	C:\Program Files\Java\jre1.8.0_45\bin\server\jvm.dll
0x000007fef8da0000 - 0x000007fef8da9000 	C:\Windows\system32\WSOCK32.dll
0x000007fefe650000 - 0x000007fefe69d000 	C:\Windows\system32\WS2_32.dll
0x000007fefeb80000 - 0x000007fefeb88000 	C:\Windows\system32\NSI.dll
0x000007fef9150000 - 0x000007fef918b000 	C:\Windows\system32\WINMM.dll
0x0000000065650000 - 0x000000006565f000 	C:\Program Files\Java\jre1.8.0_45\bin\verify.dll
0x0000000065620000 - 0x0000000065649000 	C:\Program Files\Java\jre1.8.0_45\bin\java.dll
0x0000000065600000 - 0x0000000065616000 	C:\Program Files\Java\jre1.8.0_45\bin\zip.dll
0x000007fefd1f0000 - 0x000007fefd1ff000 	C:\Windows\system32\profapi.dll
0x000007fefa590000 - 0x000007fefa6b5000 	C:\Windows\system32\dbghelp.dll

VM Arguments:
jvm_args: -Xms4096m -Xmx8024m -Dfile.encoding=MS949 
java_command: soot.jimple.infoflow.android.TestApps.Test wish.apk D:\extractocol\AndroidSDK --nostatic --aplength 1 --aliasflowins --layoutmode none --noarraysize --nocallbacks --backward
java_class_path (initial): D:\extractocol\src\soot-infoflow-android\bin;D:\extractocol\src\soot-infoflow\bin;C:\Users\Administrator\.p2\pool\plugins\org.junit_4.12.0.v201504281640\junit.jar;C:\Users\Administrator\.p2\pool\plugins\org.hamcrest.core_1.3.0.v201303031735.jar;D:\extractocol\src\heros-develop\target\classes;D:\extractocol\src\heros-develop\target\test-classes;D:\extractocol\src\heros-develop\guava-14.0.1.jar;D:\extractocol\src\heros-develop\slf4j-api-1.7.5.jar;D:\extractocol\src\heros-develop\slf4j-simple-1.7.5.jar;D:\extractocol\src\heros-develop\junit.jar;D:\extractocol\src\heros-develop\org.hamcrest.core_1.3.0.jar;D:\extractocol\src\heros-develop\mockito-all-1.9.5.jar;D:\extractocol\src\jasmin\classes;D:\extractocol\src\jasmin\libs\java_cup.jar;D:\extractocol\src\soot-infoflow\lib\cos.jar;D:\extractocol\src\soot-infoflow\lib\j2ee.jar;D:\extractocol\src\soot-infoflow\lib\jc-tree-1.2.2.jar;D:\extractocol\src\soot-infoflow\lib\jgraph-5.13.0.0.jar;D:\extractocol\src\soot-infoflow\lib\jgrapht-core-0.9.1.jar;D:\extractocol\src\soot-infoflow\lib\jgrapht-ext-0.9.1.jar;D:\extractocol\src\soot-infoflow\lib\jgraphx-2.0.0.1.jar;D:\extractocol\src\soot-infoflow\lib\jgrapht-demo-0.9.1.jar;D:\extractocol\src\soot-infoflow\lib\jgrapht-ext-0.9.1-uber.jar;D:\extractocol\src\soot-infoflow\lib\json-simple-1.1.1.jar;D:\extractocol\src\soot-infoflow\lib\junit.jar;D:\extractocol\src\soot-infoflow\lib\kryo-3.0.0.jar;D:\extractocol\src\soot-infoflow\lib\log4j-1.2.17.jar;D:\extractocol\src\soot-infoflow\lib\minlog-1.2.jar;D:\extractocol\src\soot-infoflow\lib\objenesis-1.2.jar;D:\extractocol\src\soot-infoflow\lib\org.hamcrest.core_1.3.0.jar;D:\extractocol\src\soot-infoflow\lib\reflectasm-1.09-shaded.jar;D:\extractocol\src\soot-infoflow\lib\slf4j-api-1.7.5.jar;D:\extractocol\src\soot-infoflow\lib\slf4j-simple-1.7.5.jar;D:\extractocol\src\soot-github\testclasses;D:\extractocol\src\soot-github\classes;D:\extractocol\src\soot-github\libs\polyglot.jar;D:\extractocol\src\soot-github
Launcher Type: SUN_STANDARD

Environment Variables:
JAVA_HOME=C:\Program Files\Java\jdk1.7.0_51
CLASSPATH=C:\Program Files(x86)\Java\jre7\lib;
PATH=C:/Program Files/Java/jre1.8.0_45/bin/server;C:/Program Files/Java/jre1.8.0_45/bin;C:/Program Files/Java/jre1.8.0_45/lib/amd64;C:\ProgramData\Oracle\Java\javapath;C:\Program Files (x86)\Wizvera\Delfino;C:\Program Files (x86)\Intel\iCLS Client\;C:\Program Files\Intel\iCLS Client\;C:\Windows\system32;C:\Windows;C:\Windows\System32\Wbem;C:\Windows\System32\WindowsPowerShell\v1.0\;C:\Program Files\Intel\Intel(R) Management Engine Components\DAL;C:\Program Files\Intel\Intel(R) Management Engine Components\IPT;C:\Program Files (x86)\Intel\Intel(R) Management Engine Components\DAL;C:\Program Files (x86)\Intel\Intel(R) Management Engine Components\IPT;C:\Program Files\Java\jdk1.7.0_51\bin;C:\Program Files (x86)\Microsoft SQL Server\90\Tools\binn\;C:\Program Files (x86)\ePapyrus\Papyrus-PlugIn;C:\Program Files (x86)\ePapyrus\Papyrus-PlugIn\Addins;c:\ant\bin;c:/Users/Administrator/AppData/Local/Android/Sdk/Platform-tools/;C:\Program Files\doxygen\bin;d:\texlive\2016\bin\win32;C:\Program Files (x86)\NVIDIA Corporation\PhysX\Common;C:\Users\Administrator\AppData\Local\Bandizip\7z;C:\Program Files (x86)\ESTsoft\ALSee\x64;C:\Windows\system32;
USERNAME=Administrator
OS=Windows_NT
PROCESSOR_IDENTIFIER=Intel64 Family 6 Model 60 Stepping 3, GenuineIntel



---------------  S Y S T E M  ---------------

OS: Windows 7 , 64 bit Build 7601 (6.1.7601.23572)

CPU:total 4 (4 cores per cpu, 1 threads per core) family 6 model 60 stepping 3, cmov, cx8, fxsr, mmx, sse, sse2, sse3, ssse3, sse4.1, sse4.2, popcnt, avx, avx2, aes, clmul, erms, lzcnt, tsc, tscinvbit, bmi1, bmi2

Memory: 4k page, physical 16713984k(1002012k free), swap 33096124k(5164k free)

vm_info: Java HotSpot(TM) 64-Bit Server VM (25.45-b02) for windows-amd64 JRE (1.8.0_45-b15), built on Apr 30 2015 12:40:44 by "java_re" with MS VC++ 10.0 (VS2010)

time: Tue Dec 20 15:35:23 2016
elapsed time: 73 seconds (0d 0h 1m 13s)

